<?xml version="1.0" encoding="UTF-8"?>
<!-- Generated by org.testng.reporters.JUnitReportReporter -->
<testsuite hostname="Aventras-iMac.local" failures="0" tests="1" name="tests.Tests$Assertions1" time="99.816" errors="0" timestamp="2023-02-09T17:16:33 BDT" skipped="0">
  <testcase classname="tests.Tests$Assertions1" name="Login" time="99.816"/>
  <system-out/>
</testsuite> <!-- tests.Tests$Assertions1 -->
