<?xml version="1.0" encoding="UTF-8"?>
<!-- Generated by org.testng.reporters.JUnitReportReporter -->
<testsuite hostname="Aventras-iMac.local" failures="0" tests="2" name="tests.Base" time="65.905" errors="0" timestamp="2023-01-23T14:59:37 BDT" skipped="0">
  <testcase classname="tests.Base" name="demoTest" time="0.003"/>
  <system-out/>
  <testcase classname="tests.Base" name="SampleLogin" time="65.902"/>
  <system-out/>
</testsuite> <!-- tests.Base -->
