<?xml version="1.0" encoding="UTF-8"?>
<!-- Generated by org.testng.reporters.JUnitReportReporter -->
<testsuite hostname="Aventras-iMac.local" failures="0" tests="2" name="tests.Tests" time="0.012" errors="0" timestamp="2023-02-09T17:16:33 BDT" skipped="0">
  <testcase classname="tests.Tests" name="demoTest" time="0.003"/>
  <system-out/>
  <testcase classname="tests.Tests" name="SampleDemo" time="0.009"/>
  <system-out/>
</testsuite> <!-- tests.Tests -->
